2024-08-25 12:50:17.162  INFO 13260 --- [restartedMain] com.ams.AttendMateApplication            : Starting AttendMateApplication using Java 20.0.1 on LAPTOP-ECT3DP9P with PID 13260 (H:\JBK_FULL_STACK\Advance_Java_184\AttendMate\target\classes started by Mayur in H:\JBK_FULL_STACK\Advance_Java_184\AttendMate)
2024-08-25 12:50:17.172  INFO 13260 --- [restartedMain] com.ams.AttendMateApplication            : No active profile set, falling back to default profiles: default
2024-08-25 12:50:17.328  INFO 13260 --- [restartedMain] .e.DevToolsPropertyDefaultsPostProcessor : Devtools property defaults active! Set 'spring.devtools.add-properties' to 'false' to disable
2024-08-25 12:50:17.329  INFO 13260 --- [restartedMain] .e.DevToolsPropertyDefaultsPostProcessor : For additional web related logging consider setting the 'logging.level.web' property to 'DEBUG'
2024-08-25 12:50:18.590  INFO 13260 --- [restartedMain] .s.d.r.c.RepositoryConfigurationDelegate : Bootstrapping Spring Data JPA repositories in DEFAULT mode.
2024-08-25 12:50:18.632  INFO 13260 --- [restartedMain] .s.d.r.c.RepositoryConfigurationDelegate : Finished Spring Data repository scanning in 21 ms. Found 0 JPA repository interfaces.
2024-08-25 12:50:20.011  INFO 13260 --- [restartedMain] o.s.b.w.embedded.tomcat.TomcatWebServer  : Tomcat initialized with port(s): 8080 (http)
2024-08-25 12:50:20.037  INFO 13260 --- [restartedMain] o.apache.catalina.core.StandardService   : Starting service [Tomcat]
2024-08-25 12:50:20.044  INFO 13260 --- [restartedMain] org.apache.catalina.core.StandardEngine  : Starting Servlet engine: [Apache Tomcat/9.0.54]
2024-08-25 12:50:20.246  INFO 13260 --- [restartedMain] o.a.c.c.C.[Tomcat].[localhost].[/]       : Initializing Spring embedded WebApplicationContext
2024-08-25 12:50:20.247  INFO 13260 --- [restartedMain] w.s.c.ServletWebServerApplicationContext : Root WebApplicationContext: initialization completed in 2916 ms
2024-08-25 12:50:20.643  INFO 13260 --- [restartedMain] o.hibernate.jpa.internal.util.LogHelper  : HHH000204: Processing PersistenceUnitInfo [name: default]
2024-08-25 12:50:20.750  INFO 13260 --- [restartedMain] org.hibernate.Version                    : HHH000412: Hibernate ORM core version 5.4.32.Final
2024-08-25 12:50:21.101  INFO 13260 --- [restartedMain] o.hibernate.annotations.common.Version   : HCANN000001: Hibernate Commons Annotations {5.1.2.Final}
2024-08-25 12:50:21.339  INFO 13260 --- [restartedMain] com.zaxxer.hikari.HikariDataSource       : HikariPool-1 - Starting...
2024-08-25 12:50:22.116  INFO 13260 --- [restartedMain] com.zaxxer.hikari.HikariDataSource       : HikariPool-1 - Start completed.
2024-08-25 12:50:22.159  INFO 13260 --- [restartedMain] org.hibernate.dialect.Dialect            : HHH000400: Using dialect: org.hibernate.dialect.MySQL8Dialect
2024-08-25 12:50:23.746  INFO 13260 --- [restartedMain] o.h.e.t.j.p.i.JtaPlatformInitiator       : HHH000490: Using JtaPlatform implementation: [org.hibernate.engine.transaction.jta.platform.internal.NoJtaPlatform]
2024-08-25 12:50:23.761  INFO 13260 --- [restartedMain] j.LocalContainerEntityManagerFactoryBean : Initialized JPA EntityManagerFactory for persistence unit 'default'
2024-08-25 12:50:23.997  WARN 13260 --- [restartedMain] JpaBaseConfiguration$JpaWebConfiguration : spring.jpa.open-in-view is enabled by default. Therefore, database queries may be performed during view rendering. Explicitly configure spring.jpa.open-in-view to disable this warning
2024-08-25 12:50:24.624  INFO 13260 --- [restartedMain] o.s.b.d.a.OptionalLiveReloadServer       : LiveReload server is running on port 35729
2024-08-25 12:50:24.683  INFO 13260 --- [restartedMain] o.s.b.w.embedded.tomcat.TomcatWebServer  : Tomcat started on port(s): 8080 (http) with context path ''
2024-08-25 12:50:24.714  INFO 13260 --- [restartedMain] com.ams.AttendMateApplication            : Started AttendMateApplication in 8.796 seconds (JVM running for 10.087)
2024-08-25 12:50:24.724  INFO 13260 --- [restartedMain] com.ams.AttendMateApplication            : Application started...
2024-08-25 13:39:12.725  INFO 1452 --- [restartedMain] com.ams.AttendMateApplication            : Starting AttendMateApplication using Java 20.0.1 on LAPTOP-ECT3DP9P with PID 1452 (H:\JBK_FULL_STACK\Advance_Java_184\AttendMate\target\classes started by Mayur in H:\JBK_FULL_STACK\Advance_Java_184\AttendMate)
2024-08-25 13:39:12.736  INFO 1452 --- [restartedMain] com.ams.AttendMateApplication            : No active profile set, falling back to default profiles: default
2024-08-25 13:39:12.893  INFO 1452 --- [restartedMain] .e.DevToolsPropertyDefaultsPostProcessor : Devtools property defaults active! Set 'spring.devtools.add-properties' to 'false' to disable
2024-08-25 13:39:12.894  INFO 1452 --- [restartedMain] .e.DevToolsPropertyDefaultsPostProcessor : For additional web related logging consider setting the 'logging.level.web' property to 'DEBUG'
2024-08-25 13:39:14.105  INFO 1452 --- [restartedMain] .s.d.r.c.RepositoryConfigurationDelegate : Bootstrapping Spring Data JPA repositories in DEFAULT mode.
2024-08-25 13:39:14.146  INFO 1452 --- [restartedMain] .s.d.r.c.RepositoryConfigurationDelegate : Finished Spring Data repository scanning in 22 ms. Found 0 JPA repository interfaces.
2024-08-25 13:39:15.852  INFO 1452 --- [restartedMain] o.s.b.w.embedded.tomcat.TomcatWebServer  : Tomcat initialized with port(s): 8080 (http)
2024-08-25 13:39:15.875  INFO 1452 --- [restartedMain] o.apache.catalina.core.StandardService   : Starting service [Tomcat]
2024-08-25 13:39:15.876  INFO 1452 --- [restartedMain] org.apache.catalina.core.StandardEngine  : Starting Servlet engine: [Apache Tomcat/9.0.54]
2024-08-25 13:39:16.030  INFO 1452 --- [restartedMain] o.a.c.c.C.[Tomcat].[localhost].[/]       : Initializing Spring embedded WebApplicationContext
2024-08-25 13:39:16.032  INFO 1452 --- [restartedMain] w.s.c.ServletWebServerApplicationContext : Root WebApplicationContext: initialization completed in 3137 ms
2024-08-25 13:39:16.488  INFO 1452 --- [restartedMain] o.hibernate.jpa.internal.util.LogHelper  : HHH000204: Processing PersistenceUnitInfo [name: default]
2024-08-25 13:39:16.598  INFO 1452 --- [restartedMain] org.hibernate.Version                    : HHH000412: Hibernate ORM core version 5.4.32.Final
2024-08-25 13:39:16.830  INFO 1452 --- [restartedMain] o.hibernate.annotations.common.Version   : HCANN000001: Hibernate Commons Annotations {5.1.2.Final}
2024-08-25 13:39:17.002  INFO 1452 --- [restartedMain] com.zaxxer.hikari.HikariDataSource       : HikariPool-1 - Starting...
2024-08-25 13:39:17.756  INFO 1452 --- [restartedMain] com.zaxxer.hikari.HikariDataSource       : HikariPool-1 - Start completed.
2024-08-25 13:39:17.792  INFO 1452 --- [restartedMain] org.hibernate.dialect.Dialect            : HHH000400: Using dialect: org.hibernate.dialect.MySQL8Dialect
2024-08-25 13:39:19.187  INFO 1452 --- [restartedMain] o.h.e.t.j.p.i.JtaPlatformInitiator       : HHH000490: Using JtaPlatform implementation: [org.hibernate.engine.transaction.jta.platform.internal.NoJtaPlatform]
2024-08-25 13:39:19.203  INFO 1452 --- [restartedMain] j.LocalContainerEntityManagerFactoryBean : Initialized JPA EntityManagerFactory for persistence unit 'default'
2024-08-25 13:39:19.568  WARN 1452 --- [restartedMain] JpaBaseConfiguration$JpaWebConfiguration : spring.jpa.open-in-view is enabled by default. Therefore, database queries may be performed during view rendering. Explicitly configure spring.jpa.open-in-view to disable this warning
2024-08-25 13:39:20.611  INFO 1452 --- [restartedMain] o.s.b.d.a.OptionalLiveReloadServer       : LiveReload server is running on port 35729
2024-08-25 13:39:20.678  INFO 1452 --- [restartedMain] o.s.b.w.embedded.tomcat.TomcatWebServer  : Tomcat started on port(s): 8080 (http) with context path ''
2024-08-25 13:39:20.704  INFO 1452 --- [restartedMain] com.ams.AttendMateApplication            : Started AttendMateApplication in 9.044 seconds (JVM running for 9.851)
2024-08-25 13:39:20.713  INFO 1452 --- [restartedMain] com.ams.AttendMateApplication            : Application started...
2024-08-25 13:40:18.575  INFO 1452 --- [http-nio-8080-exec-2] o.a.c.c.C.[Tomcat].[localhost].[/]       : Initializing Spring DispatcherServlet 'dispatcherServlet'
2024-08-25 13:40:18.576  INFO 1452 --- [http-nio-8080-exec-2] o.s.web.servlet.DispatcherServlet        : Initializing Servlet 'dispatcherServlet'
2024-08-25 13:40:18.580  INFO 1452 --- [http-nio-8080-exec-2] o.s.web.servlet.DispatcherServlet        : Completed initialization in 3 ms
2024-08-25 13:40:18.781  INFO 1452 --- [http-nio-8080-exec-2] com.ams.aop.MyAdvice                     : Execution Started at 2024-08-25 13:40:18:781
2024-08-25 13:40:18.845  WARN 1452 --- [http-nio-8080-exec-2] org.hibernate.orm.deprecation            : HHH90000022: Hibernate's legacy org.hibernate.Criteria API is deprecated; use the JPA javax.persistence.criteria.CriteriaQuery instead
2024-08-25 13:40:18.974  INFO 1452 --- [http-nio-8080-exec-2] com.ams.aop.MyAdvice                     : Execution Ended at 2024-08-25 13:40:18:974
2024-08-25 13:40:28.977  INFO 1452 --- [http-nio-8080-exec-3] com.ams.aop.MyAdvice                     : Execution Started at 2024-08-25 13:40:28:977
2024-08-25 13:40:28.998  INFO 1452 --- [http-nio-8080-exec-3] com.ams.aop.MyAdvice                     : Execution Ended at 2024-08-25 13:40:28:998
2024-08-25 13:40:45.905  INFO 1452 --- [http-nio-8080-exec-4] com.ams.aop.MyAdvice                     : Execution Started at 2024-08-25 13:40:45:905
2024-08-25 13:40:45.967  INFO 1452 --- [http-nio-8080-exec-4] com.ams.aop.MyAdvice                     : Execution Ended at 2024-08-25 13:40:45:967
